
----------------------------------------
  ASL Emergency Translator
  Server: https://10.2.201.66:5000
----------------------------------------
                                                      
  ##############    ####      ##      ##############  
  ##          ##        ##########    ##          ##  
  ##  ######  ##  ##  ####        ##  ##  ######  ##  
  ##  ######  ##  ####  ##  ##        ##  ######  ##  
  ##  ######  ##  ##    ##    ##      ##  ######  ##  
  ##          ##  ##  ##    ########  ##          ##  
  ##############  ##  ##  ##  ##  ##  ##############  
                  ##    ##      ##                    
  ##  ##########        ######  ####  ##########      
    ####    ##      ######  ####    ##          ##    
  ##    ##########    ####  ##  ##    ####  ##  ####  
  ##    ##  ##  ######          ##    ##          ##  
  ##  ####  ######  ##      ##  ####  ######  ######  
  ##    ######  ######    ##  ##            ##  ##    
  ##    ##  ####              ####  ##  ######  ####  
  ##  ##  ##    ##    ##  ##  ##        ####      ##  
  ##  ############  ##    ####  ############  ##      
                  ##  ##      ##  ##      ####        
  ##############        ####      ##  ##  ##  ######  
  ##          ##  ####  ##      ####      ####    ##  
  ##  ######  ##  ####  ######  ############  ##      
  ##  ######  ##  ######  ##  ######  ##  ##########  
  ##  ######  ##  ######  ##      ####      ####  ##  
  ##          ##    ##    ##    ####  ########    ##  
  ##############  ######    ##  ##      ############  
                                                      
  Scan the code above on any phone on this WiFi.
----------------------------------------

 * Serving Flask app 'backend.server'
 * Debug mode: off
